#
# There is insufficient memory for the Java Runtime Environment to continue.
# Native memory allocation (mmap) failed to map 532676608 bytes for G1 virtual space
# Possible reasons:
#   The system is out of physical RAM or swap space
#   The process is running with CompressedOops enabled, and the Java Heap may be blocking the growth of the native heap
# Possible solutions:
#   Reduce memory load on the system
#   Increase physical memory or swap space
#   Check if swap backing store is full
#   Decrease Java heap size (-Xmx/-Xms)
#   Decrease number of Java threads
#   Decrease Java thread stack sizes (-Xss)
#   Set larger code cache with -XX:ReservedCodeCacheSize=
#   JVM is running with Zero Based Compressed Oops mode in which the Java heap is
#     placed in the first 32GB address space. The Java Heap base address is the
#     maximum limit for the native heap growth. Please use -XX:HeapBaseMinAddress
#     to set the Java Heap base and to place the Java Heap above 32GB virtual address.
# This output file may be truncated or incomplete.
#
#  Out of Memory Error (os_windows.cpp:3825), pid=7740, tid=3784
#
# JRE version:  (17.0.9) (build )
# Java VM: OpenJDK 64-Bit Server VM (17.0.9+0--11185874, mixed mode, sharing, tiered, compressed oops, compressed class ptrs, g1 gc, windows-amd64)
# No core dump will be written. Minidumps are not enabled by default on client versions of Windows
#

---------------  S U M M A R Y ------------

Command Line: org.jetbrains.kotlin.cli.jvm.K2JVMCompiler @E:\Sources\hamibot\common\build\20240305_4952650690921519630.compiler.options

Host: Intel(R) Core(TM) i7-10700 CPU @ 2.90GHz, 16 cores, 31G,  Windows 11 , 64 bit Build 26063 (10.0.26063.1)
Time: Tue Mar  5 20:52:06 2024  Windows 11 , 64 bit Build 26063 (10.0.26063.1) elapsed time: 0.019796 seconds (0d 0h 0m 0s)

---------------  T H R E A D  ---------------

Current thread (0x000001e21c5efbe0):  JavaThread "Unknown thread" [_thread_in_vm, id=3784, stack(0x0000006df0f00000,0x0000006df1000000)]

Stack: [0x0000006df0f00000,0x0000006df1000000]
Native frames: (J=compiled Java code, j=interpreted, Vv=VM code, C=native code)
V  [jvm.dll+0x6886e9]
V  [jvm.dll+0x841e4a]
V  [jvm.dll+0x843a8e]
V  [jvm.dll+0x8440f3]
V  [jvm.dll+0x24c14f]
V  [jvm.dll+0x685499]
V  [jvm.dll+0x679c2a]
V  [jvm.dll+0x30cf9b]
V  [jvm.dll+0x314446]
V  [jvm.dll+0x36425e]
V  [jvm.dll+0x36448f]
V  [jvm.dll+0x2e2d68]
V  [jvm.dll+0x2e3cd4]
V  [jvm.dll+0x8129f1]
V  [jvm.dll+0x3720c1]
V  [jvm.dll+0x7f152c]
V  [jvm.dll+0x3f5d4f]
V  [jvm.dll+0x3f7981]
C  [jli.dll+0x528f]
C  [ucrtbase.dll+0x6bd20]
C  [KERNEL32.DLL+0x28d17]
C  [ntdll.dll+0x774a0]


---------------  P R O C E S S  ---------------

Threads class SMR info:
_java_thread_list=0x00007ffd3a42ef18, length=0, elements={
}

Java Threads: ( => current thread )

Other Threads:
  0x000001e242d20900 GCTaskThread "GC Thread#0" [stack: 0x0000006df1000000,0x0000006df1100000] [id=20740]
  0x000001e21c66fc80 ConcurrentGCThread "G1 Main Marker" [stack: 0x0000006df1100000,0x0000006df1200000] [id=50808]
  0x000001e21c670d50 ConcurrentGCThread "G1 Conc#0" [stack: 0x0000006df1200000,0x0000006df1300000] [id=52484]

[error occurred during error reporting (printing all threads), id 0xc0000005, EXCEPTION_ACCESS_VIOLATION (0xc0000005) at pc=0x00007ffd39be3937]

VM state: not at safepoint (not fully initialized)

VM Mutex/Monitor currently owned by a thread:  ([mutex/lock_event])
[0x000001e21c5ebf50] Heap_lock - owner thread: 0x000001e21c5efbe0

Heap address: 0x0000000604000000, size: 8128 MB, Compressed Oops mode: Zero based, Oop shift amount: 3

CDS archive(s) mapped at: [0x0000000000000000-0x0000000000000000-0x0000000000000000), size 0, SharedBaseAddress: 0x0000000800000000, ArchiveRelocationMode: 1.
Narrow klass base: 0x0000000000000000, Narrow klass shift: 0, Narrow klass range: 0x0

GC Precious Log:
<Empty>

Heap:
 garbage-first heap   total 0K, used 0K [0x0000000604000000, 0x0000000800000000)
  region size 4096K, 0 young (0K), 0 survivors (0K)
 Metaspace       used 0K, committed 0K, reserved 0K
  class space    used 0K, committed 0K, reserved 0K

Heap Regions: E=young(eden), S=young(survivor), O=old, HS=humongous(starts), HC=humongous(continues), CS=collection set, F=free, OA=open archive, CA=closed archive, TAMS=top-at-mark-start (previous, next)

Card table byte_map: [0x000001e230e50000,0x000001e231e30000] _byte_map_base: 0x000001e22de30000

Marking Bits (Prev, Next): (CMBitMap*) 0x000001e21c65e9e0, (CMBitMap*) 0x000001e21c65ea20
 Prev Bits: [0x000001e232e10000, 0x000001e23ad10000)
 Next Bits: [0x000001e23ad10000, 0x000001e242c10000)

GC Heap History (0 events):
No events

Dll operation events (1 events):
Event: 0.014 Loaded shared library D:\Program Files\Android\Android Studio\jbr\bin\java.dll

Deoptimization events (0 events):
No events

Classes unloaded (0 events):
No events

Classes redefined (0 events):
No events

Internal exceptions (0 events):
No events

VM Operations (0 events):
No events

Events (0 events):
No events


Dynamic libraries:
0x00007ff6d69c0000 - 0x00007ff6d69ca000 	D:\Program Files\Android\Android Studio\jbr\bin\java.exe
0x00007ffdbae30000 - 0x00007ffdbb07f000 	C:\WINDOWS\SYSTEM32\ntdll.dll
0x00007ffdb9dd0000 - 0x00007ffdb9e96000 	C:\WINDOWS\System32\KERNEL32.DLL
0x00007ffdb8890000 - 0x00007ffdb8c26000 	C:\WINDOWS\System32\KERNELBASE.dll
0x00007ffdb8590000 - 0x00007ffdb86d9000 	C:\WINDOWS\System32\ucrtbase.dll
0x00007ffd5fb40000 - 0x00007ffd5fb57000 	D:\Program Files\Android\Android Studio\jbr\bin\jli.dll
0x00007ffd8bd20000 - 0x00007ffd8bd3b000 	D:\Program Files\Android\Android Studio\jbr\bin\VCRUNTIME140.dll
0x00007ffdb9220000 - 0x00007ffdb93df000 	C:\WINDOWS\System32\USER32.dll
0x00007ffdb8290000 - 0x00007ffdb82b7000 	C:\WINDOWS\System32\win32u.dll
0x00007ffdb9190000 - 0x00007ffdb91ba000 	C:\WINDOWS\System32\GDI32.dll
0x00007ffda5df0000 - 0x00007ffda6081000 	C:\WINDOWS\WinSxS\amd64_microsoft.windows.common-controls_6595b64144ccf1df_6.0.26063.1_none_fa49c84612ab61c8\COMCTL32.dll
0x00007ffdb86e0000 - 0x00007ffdb8800000 	C:\WINDOWS\System32\gdi32full.dll
0x00007ffdb84e0000 - 0x00007ffdb8583000 	C:\WINDOWS\System32\msvcp_win.dll
0x00007ffdba7f0000 - 0x00007ffdba899000 	C:\WINDOWS\System32\msvcrt.dll
0x00007ffdb91f0000 - 0x00007ffdb921d000 	C:\WINDOWS\System32\IMM32.DLL
0x0000000073560000 - 0x000000007356d000 	C:\Program Files (x86)\360\360Safe\safemon\SafeWrapper.dll
0x00007ffdbab10000 - 0x00007ffdbabc2000 	C:\WINDOWS\System32\ADVAPI32.dll
0x00007ffdb9540000 - 0x00007ffdb95e6000 	C:\WINDOWS\System32\sechost.dll
0x00007ffdb8fb0000 - 0x00007ffdb90c9000 	C:\WINDOWS\System32\RPCRT4.dll
0x00007ffd7abc0000 - 0x00007ffd7ac6c000 	C:\Program Files (x86)\360\360Safe\safemon\libzdtp64.dll
0x00007ffdb9ea0000 - 0x00007ffdba647000 	C:\WINDOWS\System32\SHELL32.dll
0x00007ffdb98f0000 - 0x00007ffdb994d000 	C:\WINDOWS\System32\SHLWAPI.dll
0x00007ffdafcd0000 - 0x00007ffdafcdb000 	C:\WINDOWS\SYSTEM32\VERSION.dll
0x00007ffd91610000 - 0x00007ffd9161c000 	D:\Program Files\Android\Android Studio\jbr\bin\vcruntime140_1.dll
0x00007ffd43cd0000 - 0x00007ffd43d5d000 	D:\Program Files\Android\Android Studio\jbr\bin\msvcp140.dll
0x00007ffd398f0000 - 0x00007ffd3a573000 	D:\Program Files\Android\Android Studio\jbr\bin\server\jvm.dll
0x00007ffd9fe60000 - 0x00007ffd9fe96000 	C:\WINDOWS\SYSTEM32\WINMM.dll
0x00007ffdb8070000 - 0x00007ffdb80be000 	C:\WINDOWS\SYSTEM32\POWRPROF.dll
0x00007ffdb5480000 - 0x00007ffdb548a000 	C:\WINDOWS\SYSTEM32\WSOCK32.dll
0x00007ffdba670000 - 0x00007ffdba6e4000 	C:\WINDOWS\System32\WS2_32.dll
0x00007ffdb8050000 - 0x00007ffdb8064000 	C:\WINDOWS\SYSTEM32\UMPDC.dll
0x00007ffdb7060000 - 0x00007ffdb707a000 	C:\WINDOWS\SYSTEM32\kernel.appcore.dll
0x00007ffdafde0000 - 0x00007ffdafdea000 	D:\Program Files\Android\Android Studio\jbr\bin\jimage.dll
0x00007ffda73b0000 - 0x00007ffda75ed000 	C:\WINDOWS\SYSTEM32\DBGHELP.DLL
0x00007ffdb8c30000 - 0x00007ffdb8fa9000 	C:\WINDOWS\System32\combase.dll
0x00007ffdba710000 - 0x00007ffdba7e6000 	C:\WINDOWS\System32\OLEAUT32.dll
0x00007ffda4fa0000 - 0x00007ffda4fd9000 	C:\WINDOWS\SYSTEM32\dbgcore.DLL
0x00007ffdb8440000 - 0x00007ffdb84d9000 	C:\WINDOWS\System32\bcryptPrimitives.dll
0x00007ffd6ac30000 - 0x00007ffd6ac55000 	D:\Program Files\Android\Android Studio\jbr\bin\java.dll

dbghelp: loaded successfully - version: 4.0.5 - missing functions: none
symbol engine: initialized successfully - sym options: 0x614 - pdb path: .;D:\Program Files\Android\Android Studio\jbr\bin;C:\WINDOWS\SYSTEM32;C:\WINDOWS\WinSxS\amd64_microsoft.windows.common-controls_6595b64144ccf1df_6.0.26063.1_none_fa49c84612ab61c8;C:\Program Files (x86)\360\360Safe\safemon;D:\Program Files\Android\Android Studio\jbr\bin\server

VM Arguments:
java_command: org.jetbrains.kotlin.cli.jvm.K2JVMCompiler @E:\Sources\hamibot\common\build\20240305_4952650690921519630.compiler.options
java_class_path (initial): C:\Users\Administrator\.gradle\caches\modules-2\files-2.1\org.jetbrains.kotlin\kotlin-compiler-embeddable\1.9.0\2c8c3a7402becca891f12739b3e9fd2dc2adbd7a\kotlin-compiler-embeddable-1.9.0.jar;C:\Users\Administrator\.gradle\caches\modules-2\files-2.1\org.jetbrains.kotlin\kotlin-stdlib\1.9.0\8ee15ef0c67dc83d874f412d84378d7f0eb50b63\kotlin-stdlib-1.9.0.jar;C:\Users\Administrator\.gradle\caches\modules-2\files-2.1\org.jetbrains.kotlin\kotlin-script-runtime\1.9.0\4b3102cbbb7e1b58d9d1adf89563f00069ffa7d1\kotlin-script-runtime-1.9.0.jar;C:\Users\Administrator\.gradle\caches\modules-2\files-2.1\org.jetbrains.kotlin\kotlin-reflect\1.6.10\1cbe9c92c12a94eea200d23c2bbaedaf3daf5132\kotlin-reflect-1.6.10.jar;C:\Users\Administrator\.gradle\caches\modules-2\files-2.1\org.jetbrains.kotlin\kotlin-daemon-embeddable\1.9.0\186543f5e28cf8d9a0290fecc2cf34301c40a65c\kotlin-daemon-embeddable-1.9.0.jar;C:\Users\Administrator\.gradle\caches\modules-2\files-2.1\org.jetbrains.intellij.deps\trove4j\1.0.20200330\3afb14d5f9ceb459d724e907a21145e8ff394f02\trove4j-1.0.20200330.jar;C:\Users\Administrator\.gradle\caches\modules-2\files-2.1\org.jetbrains.kotlin\kotlin-stdlib-common\1.9.0\cd65c21cfd1eec4d44ef09f9f52b6d9f8a720636\kotlin-stdlib-common-1.9.0.jar;C:\Users\Administrator\.gradle\caches\modules-2\files-2.1\org.jetbrains\annotations\13.0\919f0dfe192fb4e063e7dacadee7f8bb9a2672a9\annotations-13.0.jar
Launcher Type: SUN_STANDARD

[Global flags]
     intx CICompilerCount                          = 12                                        {product} {ergonomic}
     uint ConcGCThreads                            = 3                                         {product} {ergonomic}
     uint G1ConcRefinementThreads                  = 13                                        {product} {ergonomic}
   size_t G1HeapRegionSize                         = 4194304                                   {product} {ergonomic}
    uintx GCDrainStackTargetSize                   = 64                                        {product} {ergonomic}
   size_t InitialHeapSize                          = 532676608                                 {product} {ergonomic}
   size_t MarkStackSize                            = 4194304                                   {product} {ergonomic}
   size_t MaxHeapSize                              = 8522825728                                {product} {ergonomic}
   size_t MinHeapDeltaBytes                        = 4194304                                   {product} {ergonomic}
   size_t MinHeapSize                              = 8388608                                   {product} {ergonomic}
    uintx NonNMethodCodeHeapSize                   = 7602480                                {pd product} {ergonomic}
    uintx NonProfiledCodeHeapSize                  = 122027880                              {pd product} {ergonomic}
    uintx ProfiledCodeHeapSize                     = 122027880                              {pd product} {ergonomic}
    uintx ReservedCodeCacheSize                    = 251658240                              {pd product} {ergonomic}
     bool SegmentedCodeCache                       = true                                      {product} {ergonomic}
   size_t SoftMaxHeapSize                          = 8522825728                             {manageable} {ergonomic}
     bool UseCompressedClassPointers               = true                           {product lp64_product} {ergonomic}
     bool UseCompressedOops                        = true                           {product lp64_product} {ergonomic}
     bool UseG1GC                                  = true                                      {product} {ergonomic}
     bool UseLargePagesIndividualAllocation        = false                                  {pd product} {ergonomic}

Logging:
Log output configuration:
 #0: stdout all=warning uptime,level,tags
 #1: stderr all=off uptime,level,tags

Environment Variables:
JAVA_HOME=C:\Program Files\AdoptOpenJDK\jdk-11.0.11.9-hotspot\
PATH=C:\Program Files\NVIDIA GPU Computing Toolkit\CUDA\v10.2\bin;C:\Program Files\NVIDIA GPU Computing Toolkit\CUDA\v10.2\libnvvp;C:\Program Files\Python310\Scripts\;C:\Program Files\Python310\;d:\Ruby27-x64\bin;D:\Program Files (x86)\VMware\VMware Workstation\bin\;C:\Program Files\AdoptOpenJDK\jdk-11.0.11.9-hotspot\bin;C:\Windows\system32;C:\Windows;C:\Windows\System32\Wbem;C:\Windows\System32\WindowsPowerShell\v1.0\;C:\Windows\System32\OpenSSH\;C:\WINDOWS\system32;C:\WINDOWS;C:\WINDOWS\System32\Wbem;C:\WINDOWS\System32\WindowsPowerShell\v1.0\;C:\WINDOWS\System32\OpenSSH\;C:\Program Files\TortoiseSVN\bin;C:\Program Files\CMake\bin;C:\ProgramData\chocolatey\bin;C:\Program Files\Graphviz\bin;C:\Program Files\TortoiseGit\bin;C:\Program Files\nodejs\;C:\Program Files\dotnet\;C:\Program Files\MiKTeX\miktex\bin\x64\;C:\WINDOWS\system32;C:\WINDOWS;C:\WINDOWS\System32\Wbem;C:\WINDOWS\System32\WindowsPowerShell\v1.0\;C:\WINDOWS\System32\OpenSSH\;C:\Program Files\Git\cmd;C:\Program Files (x86)\NVIDIA Corporation\PhysX\Common;C:\Program Files\NVIDIA Corporation\NVIDIA NvDLISR;C:\Program Files\Go\bin;C:\Program Files\NVIDIA Corporation\Nsight Compute 2019.5.0\;D:\Tools\platform-tools_r31.0.3-windows-adb\platform-tools;E:\Sources\luamake;C:\Users\Administrator\AppData\Local\pnpm;C:\Users\Administrator\AppData\Local\Microsoft\WindowsApps;C:\Users\Administrator\AppData\Local\GitHubDesktop\bin;C:\Users\Administrator\AppData\Local\Programs\Microsoft VS Code Insiders;E:\msys64\usr\bin;C:\Users\Administrator\AppData\Roaming\npm;C:\Users\Administrator\go\bin;C:\Program Files\Tesseract-OCR;C:\Users\Administrator\.dotnet\tools;d:\Program Files\JetBrains\PyCharm 2023.3.2\bin;C:\Users\Administrator\AppData\Roaming\Python\Python310\Scripts;C:\Users\Administrator\AppData\Local\Programs\Python\Python310;C:\Users\Administrator\AppData\Local\Programs\Fiddler;D:\ProgramData\miniconda3\Scripts;C:\Users\Administrator\AppData\Local\Microsoft\WindowsApps;C:\Users\Administrator\.dotnet\tools;E:\Source
USERNAME=Administrator
OS=Windows_NT
PROCESSOR_IDENTIFIER=Intel64 Family 6 Model 165 Stepping 5, GenuineIntel
TMP=C:\Users\ADMINI~1\AppData\Local\Temp
TEMP=C:\Users\ADMINI~1\AppData\Local\Temp



Periodic native trim disabled

JNI global refs:
JNI global refs: 0, weak refs: 0

JNI global refs memory usage: 0, weak refs: 0

OOME stack traces (most recent first):
Classloader memory used:


---------------  S Y S T E M  ---------------

OS:
 Windows 11 , 64 bit Build 26063 (10.0.26063.1)
OS uptime: 4 days 8:09 hours
Hyper-V role detected

CPU: total 16 (initial active 16) (8 cores per cpu, 2 threads per core) family 6 model 165 stepping 5 microcode 0xfa, cx8, cmov, fxsr, ht, mmx, 3dnowpref, sse, sse2, sse3, ssse3, sse4.1, sse4.2, popcnt, lzcnt, tsc, tscinvbit, avx, avx2, aes, erms, clmul, bmi1, bmi2, adx, fma, vzeroupper, clflush, clflushopt, hv
Processor Information for all 16 processors :
  Max Mhz: 2901, Current Mhz: 2901, Mhz Limit: 2901

Memory: 4k page, system-wide physical 32497M (8680M free)
TotalPageFile size 40656M (AvailPageFile size 350M)
current process WorkingSet (physical memory assigned to process): 15M, peak: 15M
current process commit charge ("private bytes"): 71M, peak: 579M

vm_info: OpenJDK 64-Bit Server VM (17.0.9+0--11185874) for windows-amd64 JRE (17.0.9+0--11185874), built on Dec  6 2023 18:57:44 by "androidbuild" with MS VC++ 16.10 / 16.11 (VS2019)

END.
